[Tue, 22. May 2018 15:12:51 BST | ID 336869008148135948] tumblegamer: online
[Tue, 22. May 2018 15:13:07 BST | ID 336869008148135948] tumblegamer: say <@&441907702130671617>
[Wed, 23. May 2018 17:59:06 BST | ID 336869008148135948] tumblegamer: whitelist add GreyWolf92
[Sat, 2. Jun 2018 23:12:25 BST | ID 336869008148135948] tumblegamer: whitelist add Triple_Craft_2
[Sun, 3. Jun 2018 14:46:20 BST | ID 336869008148135948] tumblegamer: whitelist add  Flomish
[Sun, 3. Jun 2018 14:52:48 BST | ID 336869008148135948] tumblegamer: whitelist add Flomich
[Sun, 3. Jun 2018 15:33:33 BST | ID 336869008148135948] tumblegamer: say some words
[Sun, 3. Jun 2018 17:06:10 BST | ID 336869008148135948] tumblegamer: jukebox
[Sun, 3. Jun 2018 17:06:15 BST | ID 336869008148135948] tumblegamer: jukebox ?
[Sun, 3. Jun 2018 17:06:28 BST | ID 336869008148135948] tumblegamer: /jukebox region list
[Sun, 3. Jun 2018 17:06:28 BST | ID 445218393163825152] TumbleNet: Invalid command: `/jukebox region list`
[Sun, 3. Jun 2018 17:06:32 BST | ID 336869008148135948] tumblegamer: jukebox region list
[Mon, 4. Jun 2018 12:44:26 BST | ID 336869008148135948] tumblegamer: plugins
[Thu, 7. Jun 2018 12:44:40 BST | ID 336869008148135948] tumblegamer: sudo drbatmanwho mv
[Thu, 7. Jun 2018 20:16:57 BST | ID 336869008148135948] tumblegamer: /op InfaReQt
[Thu, 7. Jun 2018 20:16:58 BST | ID 445218393163825152] TumbleNet: Invalid command: `/op InfaReQt`
[Thu, 7. Jun 2018 20:17:09 BST | ID 336869008148135948] tumblegamer: whitelist add InfaReQt
[Fri, 8. Jun 2018 14:28:17 BST | ID 336869008148135948] tumblegamer: gamerule commandBlockOutput false
[Fri, 8. Jun 2018 14:28:57 BST | ID 336869008148135948] tumblegamer: gamerule logAdminCommands false
[Fri, 8. Jun 2018 14:30:17 BST | ID 336869008148135948] tumblegamer: gamerule logAdminCommands true
[Fri, 8. Jun 2018 14:30:21 BST | ID 336869008148135948] tumblegamer: gamerule commandBlockOutpu true
[Fri, 8. Jun 2018 14:30:31 BST | ID 336869008148135948] tumblegamer: gamerule commandBlockOutput true
[Fri, 8. Jun 2018 14:30:36 BST | ID 336869008148135948] tumblegamer: gamerule
[Fri, 8. Jun 2018 14:30:48 BST | ID 336869008148135948] tumblegamer: restart
[Fri, 8. Jun 2018 14:45:39 BST | ID 336869008148135948] tumblegamer: plugman unload DiscordSRV-Build-1.16.2
[Wed, 13. Jun 2018 12:16:11 BST | ID 336869008148135948] tumblegamer: Say tes5
[Wed, 13. Jun 2018 16:31:06 BST | ID 336869008148135948] tumblegamer: lp applyedits O5vaIRUZDR
[Wed, 13. Jun 2018 16:50:10 BST | ID 336869008148135948] tumblegamer: mvspawn drbatmanwho
[Fri, 15. Jun 2018 22:46:24 BST | ID 336869008148135948] tumblegamer: lp help
[Fri, 15. Jun 2018 22:46:53 BST | ID 336869008148135948] tumblegamer: lp creategroup tn
[Fri, 15. Jun 2018 22:47:02 BST | ID 336869008148135948] tumblegamer: lp track creativestaff
